02/09/2016 11:02:27 AM Optimizing time interval 2012-10-02 00:00:00 to 2012-10-05 23:00:00
02/09/2016 11:02:27 AM Conserving only the interval 2012-10-02 00:00:00 to 2012-10-04 23:00:00
02/09/2016 11:02:46 AM optimal
02/09/2016 11:05:14 AM Optimizing time interval 2012-10-02 00:00:00 to 2012-10-05 23:00:00
02/09/2016 11:05:14 AM Conserving only the interval 2012-10-02 00:00:00 to 2012-10-04 23:00:00
02/09/2016 11:05:34 AM Solver: optimal
02/09/2016 11:14:31 AM New run started
02/09/2016 11:14:31 AM Optimizing time interval 2012-10-02 00:00:00 to 2012-10-05 23:00:00
02/09/2016 11:14:31 AM Conserving only the interval 2012-10-02 00:00:00 to 2012-10-04 23:00:00
02/09/2016 11:14:51 AM Solver: optimal
02/09/2016 11:14:57 AM Optimizing time interval 2012-10-05 00:00:00 to 2012-10-08 23:00:00
02/09/2016 11:14:57 AM Conserving only the interval 2012-10-05 00:00:00 to 2012-10-07 23:00:00
02/09/2016 11:15:17 AM Solver: optimal
02/09/2016 11:20:02 AM New run started
02/09/2016 11:20:02 AM Optimizing time interval 2012-10-02 00:00:00 to 2012-10-05 23:00:00
02/09/2016 11:20:02 AM Conserving only the interval 2012-10-02 00:00:00 to 2012-10-04 23:00:00
02/09/2016 11:20:22 AM Solver: optimal
02/09/2016 11:20:28 AM Optimizing time interval 2012-10-05 00:00:00 to 2012-10-08 23:00:00
02/09/2016 11:20:28 AM Conserving only the interval 2012-10-05 00:00:00 to 2012-10-07 23:00:00
02/09/2016 11:20:48 AM Solver: optimal
02/09/2016 11:20:53 AM Run finished
02/09/2016 11:58:17 AM New run started
02/09/2016 12:01:06 PM New run started
02/09/2016 12:01:07 PM Optimizing time interval 2012-10-01 00:00:00 to 2012-10-04 23:00:00
02/09/2016 12:01:07 PM Conserving only the interval 2012-10-01 00:00:00 to 2012-10-03 23:00:00
02/09/2016 12:01:28 PM Solver: optimal
02/09/2016 12:01:33 PM Optimizing time interval 2012-10-04 00:00:00 to 2012-10-07 23:00:00
02/09/2016 12:01:33 PM Conserving only the interval 2012-10-04 00:00:00 to 2012-10-06 23:00:00
02/09/2016 12:01:52 PM Solver: optimal
02/09/2016 12:01:59 PM Optimizing time interval 2012-10-07 00:00:00 to 2012-10-09 23:00:00
02/09/2016 12:01:59 PM Conserving only the interval 2012-10-07 00:00:00 to 2012-10-08 23:00:00
02/09/2016 12:02:13 PM Solver: optimal
02/09/2016 12:02:17 PM Run finished
